<?xml version="1.0" encoding="UTF-8"?>
<coverage generated="1494340778372" clover="3.2.0">
  <project timestamp="1494340778372" name="All files">
    <metrics statements="27" coveredstatements="27" conditionals="6" coveredconditionals="6" methods="8" coveredmethods="8" elements="41" coveredelements="41" complexity="0" loc="27" ncloc="27" packages="1" files="1" classes="1">
      <file name="shoppingcart.model.js" path="/Users/juapache2/Documents/netcentric/frontend-hero-test-v1.0.6/src/components/shoppingcart/shoppingcart.model.js">
        <metrics statements="27" coveredstatements="27" conditionals="6" coveredconditionals="6" methods="8" coveredmethods="8"/>
        <line num="1" count="1" type="stmt"/>
        <line num="2" count="1" type="stmt"/>
        <line num="3" count="1" type="stmt"/>
        <line num="5" count="1" type="cond" truecount="2" falsecount="0"/>
        <line num="7" count="1" type="stmt"/>
        <line num="8" count="29" type="stmt"/>
        <line num="9" count="29" type="stmt"/>
        <line num="10" count="29" type="stmt"/>
        <line num="11" count="48" type="stmt"/>
        <line num="17" count="29" type="stmt"/>
        <line num="20" count="29" type="stmt"/>
        <line num="25" count="29" type="stmt"/>
        <line num="33" count="15" type="cond" truecount="2" falsecount="0"/>
        <line num="34" count="3" type="stmt"/>
        <line num="36" count="15" type="cond" truecount="2" falsecount="0"/>
        <line num="37" count="12" type="stmt"/>
        <line num="39" count="15" type="stmt"/>
        <line num="44" count="15" type="stmt"/>
        <line num="49" count="15" type="stmt"/>
        <line num="53" count="7" type="stmt"/>
        <line num="56" count="7" type="stmt"/>
        <line num="61" count="7" type="stmt"/>
        <line num="65" count="6" type="stmt"/>
        <line num="67" count="6" type="stmt"/>
        <line num="68" count="6" type="stmt"/>
        <line num="73" count="1" type="stmt"/>
        <line num="78" count="1" type="stmt"/>
      </file>
    </metrics>
  </project>
</coverage>
