{"/Users/juapache2/Documents/netcentric/frontend-hero-test-v1.0.6/src/components/shoppingcart/shoppingcart.model.js": {"path":"/Users/juapache2/Documents/netcentric/frontend-hero-test-v1.0.6/src/components/shoppingcart/shoppingcart.model.js","statementMap":{"0":{"start":{"line":2,"column":0},"end":{"line":67,"column":5}},"1":{"start":{"line":3,"column":20},"end":{"line":3,"column":39}},"2":{"start":{"line":4,"column":27},"end":{"line":4,"column":31}},"3":{"start":{"line":6,"column":2},"end":{"line":6,"column":68}},"4":{"start":{"line":8,"column":2},"end":{"line":66,"column":4}},"5":{"start":{"line":9,"column":14},"end":{"line":9,"column":15}},"6":{"start":{"line":10,"column":17},"end":{"line":10,"column":19}},"7":{"start":{"line":11,"column":4},"end":{"line":16,"column":6}},"8":{"start":{"line":12,"column":6},"end":{"line":15,"column":8}},"9":{"start":{"line":18,"column":4},"end":{"line":65,"column":6}},"10":{"start":{"line":20,"column":10},"end":{"line":20,"column":58}},"11":{"start":{"line":21,"column":10},"end":{"line":21,"column":22}},"12":{"start":{"line":28,"column":8},"end":{"line":33,"column":9}},"13":{"start":{"line":30,"column":19},"end":{"line":30,"column":49}},"14":{"start":{"line":32,"column":10},"end":{"line":32,"column":17}},"15":{"start":{"line":34,"column":8},"end":{"line":36,"column":9}},"16":{"start":{"line":35,"column":10},"end":{"line":35,"column":17}},"17":{"start":{"line":37,"column":8},"end":{"line":39,"column":9}},"18":{"start":{"line":38,"column":10},"end":{"line":38,"column":17}},"19":{"start":{"line":40,"column":7},"end":{"line":42,"column":36}},"20":{"start":{"line":43,"column":4},"end":{"line":43,"column":51}},"21":{"start":{"line":44,"column":8},"end":{"line":44,"column":26}},"22":{"start":{"line":48,"column":9},"end":{"line":50,"column":30}},"23":{"start":{"line":51,"column":5},"end":{"line":51,"column":54}},"24":{"start":{"line":52,"column":8},"end":{"line":52,"column":26}},"25":{"start":{"line":56,"column":8},"end":{"line":56,"column":20}},"26":{"start":{"line":57,"column":8},"end":{"line":57,"column":26}},"27":{"start":{"line":62,"column":8},"end":{"line":62,"column":15}}},"fnMap":{"0":{"name":"(anonymous_0)","decl":{"start":{"line":2,"column":1},"end":{"line":2,"column":2}},"loc":{"start":{"line":2,"column":12},"end":{"line":67,"column":1}},"line":2},"1":{"name":"(anonymous_1)","decl":{"start":{"line":8,"column":46},"end":{"line":8,"column":47}},"loc":{"start":{"line":8,"column":57},"end":{"line":66,"column":3}},"line":8},"2":{"name":"(anonymous_2)","decl":{"start":{"line":11,"column":15},"end":{"line":11,"column":16}},"loc":{"start":{"line":11,"column":26},"end":{"line":16,"column":5}},"line":11},"3":{"name":"(anonymous_3)","decl":{"start":{"line":19,"column":12},"end":{"line":19,"column":13}},"loc":{"start":{"line":19,"column":35},"end":{"line":23,"column":7}},"line":19},"4":{"name":"(anonymous_4)","decl":{"start":{"line":27,"column":19},"end":{"line":27,"column":20}},"loc":{"start":{"line":27,"column":51},"end":{"line":45,"column":7}},"line":27},"5":{"name":"(anonymous_5)","decl":{"start":{"line":47,"column":29},"end":{"line":47,"column":30}},"loc":{"start":{"line":47,"column":60},"end":{"line":53,"column":7}},"line":47},"6":{"name":"(anonymous_6)","decl":{"start":{"line":55,"column":22},"end":{"line":55,"column":23}},"loc":{"start":{"line":55,"column":49},"end":{"line":59,"column":7}},"line":55},"7":{"name":"(anonymous_7)","decl":{"start":{"line":61,"column":15},"end":{"line":61,"column":16}},"loc":{"start":{"line":61,"column":26},"end":{"line":63,"column":7}},"line":61}},"branchMap":{"0":{"loc":{"start":{"line":6,"column":33},"end":{"line":6,"column":67}},"type":"binary-expr","locations":[{"start":{"line":6,"column":33},"end":{"line":6,"column":61}},{"start":{"line":6,"column":65},"end":{"line":6,"column":67}}],"line":6},"1":{"loc":{"start":{"line":28,"column":8},"end":{"line":33,"column":9}},"type":"if","locations":[{"start":{"line":28,"column":8},"end":{"line":33,"column":9}},{"start":{"line":28,"column":8},"end":{"line":33,"column":9}}],"line":28},"2":{"loc":{"start":{"line":34,"column":8},"end":{"line":36,"column":9}},"type":"if","locations":[{"start":{"line":34,"column":8},"end":{"line":36,"column":9}},{"start":{"line":34,"column":8},"end":{"line":36,"column":9}}],"line":34},"3":{"loc":{"start":{"line":37,"column":8},"end":{"line":39,"column":9}},"type":"if","locations":[{"start":{"line":37,"column":8},"end":{"line":39,"column":9}},{"start":{"line":37,"column":8},"end":{"line":39,"column":9}}],"line":37}},"s":{"0":1,"1":1,"2":1,"3":1,"4":1,"5":29,"6":29,"7":29,"8":47,"9":29,"10":29,"11":29,"12":15,"13":12,"14":3,"15":15,"16":3,"17":15,"18":12,"19":15,"20":15,"21":15,"22":7,"23":7,"24":7,"25":6,"26":6,"27":1},"f":{"0":1,"1":29,"2":47,"3":29,"4":15,"5":7,"6":6,"7":1},"b":{"0":[1,1],"1":[12,3],"2":[3,12],"3":[12,3]},"_coverageSchema":"332fd63041d2c1bcb487cc26dd0d5f7d97098a6c","hash":"9035116426faefe7acd0e57c843c1d95d965d8f0"}
}
