{"/Users/juapache2/Documents/netcentric/frontend-hero-test-v1.0.6/src/components/shoppingcart/shoppingcart.model.js": {"path":"/Users/juapache2/Documents/netcentric/frontend-hero-test-v1.0.6/src/components/shoppingcart/shoppingcart.model.js","statementMap":{"0":{"start":{"line":1,"column":0},"end":{"line":83,"column":5}},"1":{"start":{"line":2,"column":20},"end":{"line":2,"column":39}},"2":{"start":{"line":3,"column":27},"end":{"line":3,"column":31}},"3":{"start":{"line":5,"column":2},"end":{"line":5,"column":68}},"4":{"start":{"line":7,"column":2},"end":{"line":82,"column":4}},"5":{"start":{"line":8,"column":14},"end":{"line":8,"column":15}},"6":{"start":{"line":9,"column":17},"end":{"line":9,"column":19}},"7":{"start":{"line":10,"column":19},"end":{"line":15,"column":5}},"8":{"start":{"line":11,"column":6},"end":{"line":14,"column":8}},"9":{"start":{"line":17,"column":4},"end":{"line":81,"column":6}},"10":{"start":{"line":20,"column":10},"end":{"line":24,"column":12}},"11":{"start":{"line":25,"column":10},"end":{"line":25,"column":34}},"12":{"start":{"line":33,"column":8},"end":{"line":35,"column":9}},"13":{"start":{"line":34,"column":10},"end":{"line":34,"column":17}},"14":{"start":{"line":36,"column":8},"end":{"line":38,"column":9}},"15":{"start":{"line":37,"column":10},"end":{"line":37,"column":17}},"16":{"start":{"line":39,"column":7},"end":{"line":43,"column":8}},"17":{"start":{"line":44,"column":4},"end":{"line":48,"column":5}},"18":{"start":{"line":49,"column":8},"end":{"line":49,"column":26}},"19":{"start":{"line":53,"column":9},"end":{"line":55,"column":30}},"20":{"start":{"line":56,"column":5},"end":{"line":60,"column":6}},"21":{"start":{"line":61,"column":8},"end":{"line":61,"column":26}},"22":{"start":{"line":65,"column":8},"end":{"line":66,"column":54}},"23":{"start":{"line":67,"column":8},"end":{"line":67,"column":20}},"24":{"start":{"line":68,"column":8},"end":{"line":68,"column":26}},"25":{"start":{"line":73,"column":10},"end":{"line":77,"column":12}},"26":{"start":{"line":78,"column":10},"end":{"line":78,"column":22}}},"fnMap":{"0":{"name":"(anonymous_0)","decl":{"start":{"line":1,"column":1},"end":{"line":1,"column":2}},"loc":{"start":{"line":1,"column":12},"end":{"line":83,"column":1}},"line":1},"1":{"name":"(anonymous_1)","decl":{"start":{"line":7,"column":46},"end":{"line":7,"column":47}},"loc":{"start":{"line":7,"column":57},"end":{"line":82,"column":3}},"line":7},"2":{"name":"(anonymous_2)","decl":{"start":{"line":10,"column":19},"end":{"line":10,"column":20}},"loc":{"start":{"line":10,"column":30},"end":{"line":15,"column":5}},"line":10},"3":{"name":"(anonymous_3)","decl":{"start":{"line":18,"column":12},"end":{"line":18,"column":13}},"loc":{"start":{"line":18,"column":35},"end":{"line":27,"column":7}},"line":18},"4":{"name":"(anonymous_4)","decl":{"start":{"line":31,"column":19},"end":{"line":31,"column":20}},"loc":{"start":{"line":31,"column":51},"end":{"line":50,"column":7}},"line":31},"5":{"name":"(anonymous_5)","decl":{"start":{"line":52,"column":29},"end":{"line":52,"column":30}},"loc":{"start":{"line":52,"column":60},"end":{"line":62,"column":7}},"line":52},"6":{"name":"(anonymous_6)","decl":{"start":{"line":64,"column":22},"end":{"line":64,"column":23}},"loc":{"start":{"line":64,"column":49},"end":{"line":70,"column":7}},"line":64},"7":{"name":"(anonymous_7)","decl":{"start":{"line":72,"column":15},"end":{"line":72,"column":16}},"loc":{"start":{"line":72,"column":26},"end":{"line":79,"column":7}},"line":72}},"branchMap":{"0":{"loc":{"start":{"line":5,"column":33},"end":{"line":5,"column":67}},"type":"binary-expr","locations":[{"start":{"line":5,"column":33},"end":{"line":5,"column":61}},{"start":{"line":5,"column":65},"end":{"line":5,"column":67}}],"line":5},"1":{"loc":{"start":{"line":33,"column":8},"end":{"line":35,"column":9}},"type":"if","locations":[{"start":{"line":33,"column":8},"end":{"line":35,"column":9}},{"start":{"line":33,"column":8},"end":{"line":35,"column":9}}],"line":33},"2":{"loc":{"start":{"line":36,"column":8},"end":{"line":38,"column":9}},"type":"if","locations":[{"start":{"line":36,"column":8},"end":{"line":38,"column":9}},{"start":{"line":36,"column":8},"end":{"line":38,"column":9}}],"line":36}},"s":{"0":1,"1":1,"2":1,"3":1,"4":1,"5":29,"6":29,"7":29,"8":48,"9":29,"10":29,"11":29,"12":15,"13":3,"14":15,"15":12,"16":15,"17":15,"18":15,"19":7,"20":7,"21":7,"22":6,"23":6,"24":6,"25":1,"26":1},"f":{"0":1,"1":29,"2":48,"3":29,"4":15,"5":7,"6":6,"7":1},"b":{"0":[1,1],"1":[3,12],"2":[12,3]},"_coverageSchema":"332fd63041d2c1bcb487cc26dd0d5f7d97098a6c","hash":"cbffba469a1b9bc01aa31884ca4eddc4372e9970"}
}
