TN:
SF:/Users/juapache2/Documents/netcentric/frontend-hero-test-v1.0.6/src/components/shoppingcart/shoppingcart.model.js
FN:1,(anonymous_0)
FN:7,(anonymous_1)
FN:10,(anonymous_2)
FN:18,(anonymous_3)
FN:31,(anonymous_4)
FN:52,(anonymous_5)
FN:64,(anonymous_6)
FN:72,(anonymous_7)
FNF:8
FNH:8
FNDA:1,(anonymous_0)
FNDA:29,(anonymous_1)
FNDA:48,(anonymous_2)
FNDA:29,(anonymous_3)
FNDA:15,(anonymous_4)
FNDA:7,(anonymous_5)
FNDA:6,(anonymous_6)
FNDA:1,(anonymous_7)
DA:1,1
DA:2,1
DA:3,1
DA:5,1
DA:7,1
DA:8,29
DA:9,29
DA:10,29
DA:11,48
DA:17,29
DA:20,29
DA:25,29
DA:33,15
DA:34,3
DA:36,15
DA:37,12
DA:39,15
DA:44,15
DA:49,15
DA:53,7
DA:56,7
DA:61,7
DA:65,6
DA:67,6
DA:68,6
DA:73,1
DA:78,1
LF:27
LH:27
BRDA:5,0,0,1
BRDA:5,0,1,1
BRDA:33,1,0,3
BRDA:33,1,1,12
BRDA:36,2,0,12
BRDA:36,2,1,3
BRF:6
BRH:6
end_of_record
