TN:
SF:/Users/juapache2/Documents/netcentric/frontend-hero-test-v1.0.6/src/components/shoppingcart/shoppingcart.model.js
FN:2,(anonymous_0)
FN:8,(anonymous_1)
FN:11,(anonymous_2)
FN:19,(anonymous_3)
FN:27,(anonymous_4)
FN:47,(anonymous_5)
FN:55,(anonymous_6)
FN:61,(anonymous_7)
FNF:8
FNH:8
FNDA:1,(anonymous_0)
FNDA:29,(anonymous_1)
FNDA:47,(anonymous_2)
FNDA:29,(anonymous_3)
FNDA:15,(anonymous_4)
FNDA:7,(anonymous_5)
FNDA:6,(anonymous_6)
FNDA:1,(anonymous_7)
DA:2,1
DA:3,1
DA:4,1
DA:6,1
DA:8,1
DA:9,29
DA:10,29
DA:11,29
DA:12,47
DA:18,29
DA:20,29
DA:21,29
DA:28,15
DA:30,12
DA:32,3
DA:34,15
DA:35,3
DA:37,15
DA:38,12
DA:40,15
DA:43,15
DA:44,15
DA:48,7
DA:51,7
DA:52,7
DA:56,6
DA:57,6
DA:62,1
LF:28
LH:28
BRDA:6,0,0,1
BRDA:6,0,1,1
BRDA:28,1,0,12
BRDA:28,1,1,3
BRDA:34,2,0,3
BRDA:34,2,1,12
BRDA:37,3,0,12
BRDA:37,3,1,3
BRF:8
BRH:8
end_of_record
